# JRE version: Java(TM) SE Runtime Environment (9.0+11) (build 9.0.1+11)
# Java VM: Java HotSpot(TM) 64-Bit Server VM (9.0.1+11, mixed mode, tiered, compressed oops, g1 gc, windows-amd64)
Heap:
 garbage-first heap   total 131072K, used 58496K [0x00000000c0000000, 0x00000000c0100400, 0x0000000100000000)
  region size 1024K, 35 young (35840K), 9 survivors (9216K)
 Metaspace       used 43703K, capacity 46340K, committed 46492K, reserved 1091584K
  class space    used 4528K, capacity 5306K, committed 5324K, reserved 1048576K
GC Heap History (10 events):
Event: 11.903 GC heap before
{Heap before GC invocations=2 (full 0):
 garbage-first heap   total 131072K, used 29654K [0x00000000c0000000, 0x00000000c0100400, 0x0000000100000000)
  region size 1024K, 25 young (25600K), 6 survivors (6144K)
 Metaspace       used 20242K, capacity 21170K, committed 21296K, reserved 1069056K
  class space    used 1848K, capacity 2140K, committed 2176K, reserved 1048576K
}
Event: 11.917 GC heap after
{Heap after GC invocations=3 (full 0):
 garbage-first heap   total 131072K, used 17597K [0x00000000c0000000, 0x00000000c0100400, 0x0000000100000000)
  region size 1024K, 4 young (4096K), 4 survivors (4096K)
 Metaspace       used 20242K, capacity 21170K, committed 21296K, reserved 1069056K
  class space    used 1848K, capacity 2140K, committed 2176K, reserved 1048576K
}
Event: 17.844 GC heap before
{Heap before GC invocations=4 (full 0):
 garbage-first heap   total 131072K, used 46269K [0x00000000c0000000, 0x00000000c0100400, 0x0000000100000000)
  region size 1024K, 34 young (34816K), 4 survivors (4096K)
 Metaspace       used 24045K, capacity 25360K, committed 25468K, reserved 1073152K
  class space    used 2275K, capacity 2638K, committed 2688K, reserved 1048576K
}
Event: 17.854 GC heap after
{Heap after GC invocations=5 (full 0):
 garbage-first heap   total 131072K, used 20170K [0x00000000c0000000, 0x00000000c0100400, 0x0000000100000000)
  region size 1024K, 5 young (5120K), 5 survivors (5120K)
 Metaspace       used 24045K, capacity 25360K, committed 25468K, reserved 1073152K
  class space    used 2275K, capacity 2638K, committed 2688K, reserved 1048576K
}
Event: 20.739 GC heap before
{Heap before GC invocations=5 (full 0):
 garbage-first heap   total 131072K, used 66250K [0x00000000c0000000, 0x00000000c0100400, 0x0000000100000000)
  region size 1024K, 50 young (51200K), 5 survivors (5120K)
 Metaspace       used 29206K, capacity 30718K, committed 31100K, reserved 1077248K
  class space    used 2931K, capacity 3352K, committed 3456K, reserved 1048576K
}
Event: 20.751 GC heap after
{Heap after GC invocations=6 (full 0):
 garbage-first heap   total 131072K, used 25762K [0x00000000c0000000, 0x00000000c0100400, 0x0000000100000000)
  region size 1024K, 7 young (7168K), 7 survivors (7168K)
 Metaspace       used 29206K, capacity 30718K, committed 31100K, reserved 1077248K
  class space    used 2931K, capacity 3352K, committed 3456K, reserved 1048576K
}
Event: 21.481 GC heap before
{Heap before GC invocations=6 (full 0):
 garbage-first heap   total 131072K, used 53410K [0x00000000c0000000, 0x00000000c0100400, 0x0000000100000000)
  region size 1024K, 35 young (35840K), 7 survivors (7168K)
 Metaspace       used 34036K, capacity 35984K, committed 36048K, reserved 1081344K
  class space    used 3477K, capacity 4078K, committed 4096K, reserved 1048576K
}
Event: 21.490 GC heap after
{Heap after GC invocations=7 (full 0):
 garbage-first heap   total 131072K, used 29748K [0x00000000c0000000, 0x00000000c0100400, 0x0000000100000000)
  region size 1024K, 9 young (9216K), 9 survivors (9216K)
 Metaspace       used 34036K, capacity 35984K, committed 36048K, reserved 1081344K
  class space    used 3477K, capacity 4078K, committed 4096K, reserved 1048576K
}
Event: 22.813 GC heap before
{Heap before GC invocations=8 (full 0):
 garbage-first heap   total 131072K, used 84020K [0x00000000c0000000, 0x00000000c0100400, 0x0000000100000000)
  region size 1024K, 65 young (66560K), 9 survivors (9216K)
 Metaspace       used 41862K, capacity 44316K, committed 44444K, reserved 1089536K
  class space    used 4323K, capacity 5023K, committed 5068K, reserved 1048576K
}
Event: 22.831 GC heap after
{Heap after GC invocations=9 (full 0):
 garbage-first heap   total 131072K, used 32896K [0x00000000c0000000, 0x00000000c0100400, 0x0000000100000000)
  region size 1024K, 9 young (9216K), 9 survivors (9216K)
 Metaspace       used 41862K, capacity 44316K, committed 44444K, reserved 1089536K
  class space    used 4323K, capacity 5023K, committed 5068K, reserved 1048576K
}

